<?xml version="1.0" encoding="UTF-8" ?>
<testsuites>
<testsuite name="Frisby Test:  Post a new candidate without lastName as blank spaces " errors="0" tests="1" failures="1" time="0.245" timestamp="2016-08-09T23:52:40">
  <testcase classname="Frisby Test:  Post a new candidate without lastName as blank spaces " name="
	[ POST https://shielded-river-86069.herokuapp.com/contacts/ ]" time="0.245"><failure type="expect" message="Expected 201 to equal 400.">Error: Expected 201 to equal 400.
    at new jasmine.ExpectationResult (C:\Users\ple7051\AppData\Roaming\npm\node_modules\jasmine-node\lib\jasmine-node/jasmine-1.3.1.js:114:32)
    at null.toEqual (C:\Users\ple7051\AppData\Roaming\npm\node_modules\jasmine-node\lib\jasmine-node/jasmine-1.3.1.js:1316:29)
    at null.&amp;lt;anonymous&amp;gt; (C:\Users\ple7051\Documents\GitHub\RestAutomationDemo\node_modules\frisby\lib\frisby.js:493:42)
    at null.&amp;lt;anonymous&amp;gt; (C:\Users\ple7051\Documents\GitHub\RestAutomationDemo\node_modules\frisby\lib\frisby.js:1074:43)
    at jasmine.Block.execute (C:\Users\ple7051\AppData\Roaming\npm\node_modules\jasmine-node\lib\jasmine-node/jasmine-1.3.1.js:1145:17)
    at jasmine.Queue.next_ (C:\Users\ple7051\AppData\Roaming\npm\node_modules\jasmine-node\lib\jasmine-node/jasmine-1.3.1.js:2177:31)
    at onComplete (C:\Users\ple7051\AppData\Roaming\npm\node_modules\jasmine-node\lib\jasmine-node/jasmine-1.3.1.js:2173:18)
    at jasmine.WaitsForBlock.execute (C:\Users\ple7051\AppData\Roaming\npm\node_modules\jasmine-node\lib\jasmine-node/jasmine-1.3.1.js:2659:5)
    at null._onTimeout (C:\Users\ple7051\AppData\Roaming\npm\node_modules\jasmine-node\lib\jasmine-node/jasmine-1.3.1.js:2673:12)
    at Timer.listOnTimeout (timers.js:92:15)</failure><failure type="expect" message="Error: Expected undefined &amp;apos;undefined&amp;apos; to match string &amp;apos;Must provide a last name.&amp;apos; on key &amp;apos;error&amp;apos;">Error: Expected undefined &amp;apos;undefined&amp;apos; to match string &amp;apos;Must provide a last name.&amp;apos; on key &amp;apos;error&amp;apos;
    at _jsonContains (C:\Users\ple7051\Documents\GitHub\RestAutomationDemo\node_modules\frisby\lib\frisby.js:1271:17)
    at jasmine.Matchers.toContainJson (C:\Users\ple7051\Documents\GitHub\RestAutomationDemo\node_modules\frisby\lib\frisby.js:1186:12)
    at null.&amp;lt;anonymous&amp;gt; (C:\Users\ple7051\Documents\GitHub\RestAutomationDemo\node_modules\frisby\lib\frisby.js:717:24)
    at null.&amp;lt;anonymous&amp;gt; (C:\Users\ple7051\Documents\GitHub\RestAutomationDemo\node_modules\frisby\lib\frisby.js:1074:43)
    at jasmine.Block.execute (C:\Users\ple7051\AppData\Roaming\npm\node_modules\jasmine-node\lib\jasmine-node/jasmine-1.3.1.js:1145:17)
    at jasmine.Queue.next_ (C:\Users\ple7051\AppData\Roaming\npm\node_modules\jasmine-node\lib\jasmine-node/jasmine-1.3.1.js:2177:31)
    at onComplete (C:\Users\ple7051\AppData\Roaming\npm\node_modules\jasmine-node\lib\jasmine-node/jasmine-1.3.1.js:2173:18)
    at jasmine.WaitsForBlock.execute (C:\Users\ple7051\AppData\Roaming\npm\node_modules\jasmine-node\lib\jasmine-node/jasmine-1.3.1.js:2659:5)
    at null._onTimeout (C:\Users\ple7051\AppData\Roaming\npm\node_modules\jasmine-node\lib\jasmine-node/jasmine-1.3.1.js:2673:12)
    at Timer.listOnTimeout (timers.js:92:15)</failure></testcase>
</testsuite>
</testsuites>